2024-08-25 14:07:21,143 - MainThread - sqlmesh.core.config.connection - INFO - Creating new DuckDB adapter for in-memory database (connection.py:301)
2024-08-25 14:07:21,588 - MainThread - sqlmesh.core.config.connection - INFO - Creating new DuckDB adapter for in-memory database (connection.py:301)
2024-08-25 14:07:21,652 - MainThread - sqlmesh.core.state_sync.engine_adapter - INFO - Applying migration <module 'sqlmesh.migrations.v0001_init' from '/home/shivam/.local/lib/python3.10/site-packages/sqlmesh/migrations/v0001_init.py'> (engine_adapter.py:1007)
2024-08-25 14:07:21,657 - MainThread - sqlmesh.core.state_sync.engine_adapter - INFO - Applying migration <module 'sqlmesh.migrations.v0002_remove_identify' from '/home/shivam/.local/lib/python3.10/site-packages/sqlmesh/migrations/v0002_remove_identify.py'> (engine_adapter.py:1007)
2024-08-25 14:07:21,657 - MainThread - sqlmesh.core.state_sync.engine_adapter - INFO - Applying migration <module 'sqlmesh.migrations.v0003_move_batch_size' from '/home/shivam/.local/lib/python3.10/site-packages/sqlmesh/migrations/v0003_move_batch_size.py'> (engine_adapter.py:1007)
2024-08-25 14:07:21,658 - MainThread - sqlmesh.core.state_sync.engine_adapter - INFO - Applying migration <module 'sqlmesh.migrations.v0004_environmnent_add_finalized_at' from '/home/shivam/.local/lib/python3.10/site-packages/sqlmesh/migrations/v0004_environmnent_add_finalized_at.py'> (engine_adapter.py:1007)
2024-08-25 14:07:21,658 - MainThread - sqlmesh.core.state_sync.engine_adapter - INFO - Applying migration <module 'sqlmesh.migrations.v0005_create_seed_table' from '/home/shivam/.local/lib/python3.10/site-packages/sqlmesh/migrations/v0005_create_seed_table.py'> (engine_adapter.py:1007)
2024-08-25 14:07:21,660 - MainThread - sqlmesh.core.state_sync.engine_adapter - INFO - Applying migration <module 'sqlmesh.migrations.v0006_change_seed_hash' from '/home/shivam/.local/lib/python3.10/site-packages/sqlmesh/migrations/v0006_change_seed_hash.py'> (engine_adapter.py:1007)
2024-08-25 14:07:21,660 - MainThread - sqlmesh.core.state_sync.engine_adapter - INFO - Applying migration <module 'sqlmesh.migrations.v0007_env_table_info_to_kind' from '/home/shivam/.local/lib/python3.10/site-packages/sqlmesh/migrations/v0007_env_table_info_to_kind.py'> (engine_adapter.py:1007)
2024-08-25 14:07:21,661 - MainThread - sqlmesh.core.state_sync.engine_adapter - INFO - Applying migration <module 'sqlmesh.migrations.v0008_create_intervals_table' from '/home/shivam/.local/lib/python3.10/site-packages/sqlmesh/migrations/v0008_create_intervals_table.py'> (engine_adapter.py:1007)
2024-08-25 14:07:21,664 - MainThread - sqlmesh.core.state_sync.engine_adapter - INFO - Applying migration <module 'sqlmesh.migrations.v0009_remove_pre_post_hooks' from '/home/shivam/.local/lib/python3.10/site-packages/sqlmesh/migrations/v0009_remove_pre_post_hooks.py'> (engine_adapter.py:1007)
2024-08-25 14:07:21,665 - MainThread - sqlmesh.core.state_sync.engine_adapter - INFO - Applying migration <module 'sqlmesh.migrations.v0010_seed_hash_batch_size' from '/home/shivam/.local/lib/python3.10/site-packages/sqlmesh/migrations/v0010_seed_hash_batch_size.py'> (engine_adapter.py:1007)
2024-08-25 14:07:21,665 - MainThread - sqlmesh.core.state_sync.engine_adapter - INFO - Applying migration <module 'sqlmesh.migrations.v0011_add_model_kind_name' from '/home/shivam/.local/lib/python3.10/site-packages/sqlmesh/migrations/v0011_add_model_kind_name.py'> (engine_adapter.py:1007)
2024-08-25 14:07:21,666 - MainThread - sqlmesh.core.state_sync.engine_adapter - INFO - Applying migration <module 'sqlmesh.migrations.v0012_update_jinja_expressions' from '/home/shivam/.local/lib/python3.10/site-packages/sqlmesh/migrations/v0012_update_jinja_expressions.py'> (engine_adapter.py:1007)
2024-08-25 14:07:21,667 - MainThread - sqlmesh.core.state_sync.engine_adapter - INFO - Applying migration <module 'sqlmesh.migrations.v0013_serde_using_model_dialects' from '/home/shivam/.local/lib/python3.10/site-packages/sqlmesh/migrations/v0013_serde_using_model_dialects.py'> (engine_adapter.py:1007)
2024-08-25 14:07:21,668 - MainThread - sqlmesh.core.state_sync.engine_adapter - INFO - Applying migration <module 'sqlmesh.migrations.v0014_fix_dev_intervals' from '/home/shivam/.local/lib/python3.10/site-packages/sqlmesh/migrations/v0014_fix_dev_intervals.py'> (engine_adapter.py:1007)
2024-08-25 14:07:21,669 - MainThread - sqlmesh.core.state_sync.engine_adapter - INFO - Applying migration <module 'sqlmesh.migrations.v0015_environment_add_promoted_snapshot_ids' from '/home/shivam/.local/lib/python3.10/site-packages/sqlmesh/migrations/v0015_environment_add_promoted_snapshot_ids.py'> (engine_adapter.py:1007)
2024-08-25 14:07:21,670 - MainThread - sqlmesh.core.state_sync.engine_adapter - INFO - Applying migration <module 'sqlmesh.migrations.v0016_fix_windows_path' from '/home/shivam/.local/lib/python3.10/site-packages/sqlmesh/migrations/v0016_fix_windows_path.py'> (engine_adapter.py:1007)
2024-08-25 14:07:21,671 - MainThread - sqlmesh.core.state_sync.engine_adapter - INFO - Applying migration <module 'sqlmesh.migrations.v0017_fix_windows_seed_path' from '/home/shivam/.local/lib/python3.10/site-packages/sqlmesh/migrations/v0017_fix_windows_seed_path.py'> (engine_adapter.py:1007)
2024-08-25 14:07:21,672 - MainThread - sqlmesh.core.state_sync.engine_adapter - INFO - Applying migration <module 'sqlmesh.migrations.v0018_rename_snapshot_model_to_node' from '/home/shivam/.local/lib/python3.10/site-packages/sqlmesh/migrations/v0018_rename_snapshot_model_to_node.py'> (engine_adapter.py:1007)
2024-08-25 14:07:21,673 - MainThread - sqlmesh.core.state_sync.engine_adapter - INFO - Applying migration <module 'sqlmesh.migrations.v0019_add_env_suffix_target' from '/home/shivam/.local/lib/python3.10/site-packages/sqlmesh/migrations/v0019_add_env_suffix_target.py'> (engine_adapter.py:1007)
2024-08-25 14:07:21,675 - MainThread - sqlmesh.core.state_sync.engine_adapter - INFO - Applying migration <module 'sqlmesh.migrations.v0020_remove_redundant_attributes_from_dbt_models' from '/home/shivam/.local/lib/python3.10/site-packages/sqlmesh/migrations/v0020_remove_redundant_attributes_from_dbt_models.py'> (engine_adapter.py:1007)
2024-08-25 14:07:21,676 - MainThread - sqlmesh.core.state_sync.engine_adapter - INFO - Applying migration <module 'sqlmesh.migrations.v0021_fix_table_properties' from '/home/shivam/.local/lib/python3.10/site-packages/sqlmesh/migrations/v0021_fix_table_properties.py'> (engine_adapter.py:1007)
2024-08-25 14:07:21,677 - MainThread - sqlmesh.core.state_sync.engine_adapter - INFO - Applying migration <module 'sqlmesh.migrations.v0022_move_project_to_model' from '/home/shivam/.local/lib/python3.10/site-packages/sqlmesh/migrations/v0022_move_project_to_model.py'> (engine_adapter.py:1007)
2024-08-25 14:07:21,678 - MainThread - sqlmesh.core.state_sync.engine_adapter - INFO - Applying migration <module 'sqlmesh.migrations.v0023_fix_added_models_with_forward_only_parents' from '/home/shivam/.local/lib/python3.10/site-packages/sqlmesh/migrations/v0023_fix_added_models_with_forward_only_parents.py'> (engine_adapter.py:1007)
2024-08-25 14:07:21,679 - MainThread - sqlmesh.core.state_sync.engine_adapter - INFO - Applying migration <module 'sqlmesh.migrations.v0024_replace_model_kind_name_enum_with_value' from '/home/shivam/.local/lib/python3.10/site-packages/sqlmesh/migrations/v0024_replace_model_kind_name_enum_with_value.py'> (engine_adapter.py:1007)
2024-08-25 14:07:21,680 - MainThread - sqlmesh.core.state_sync.engine_adapter - INFO - Applying migration <module 'sqlmesh.migrations.v0025_fix_intervals_and_missing_change_category' from '/home/shivam/.local/lib/python3.10/site-packages/sqlmesh/migrations/v0025_fix_intervals_and_missing_change_category.py'> (engine_adapter.py:1007)
2024-08-25 14:07:21,681 - MainThread - sqlmesh.core.state_sync.engine_adapter - INFO - Applying migration <module 'sqlmesh.migrations.v0026_remove_dialect_from_seed' from '/home/shivam/.local/lib/python3.10/site-packages/sqlmesh/migrations/v0026_remove_dialect_from_seed.py'> (engine_adapter.py:1007)
2024-08-25 14:07:21,682 - MainThread - sqlmesh.core.state_sync.engine_adapter - INFO - Applying migration <module 'sqlmesh.migrations.v0027_minute_interval_to_five' from '/home/shivam/.local/lib/python3.10/site-packages/sqlmesh/migrations/v0027_minute_interval_to_five.py'> (engine_adapter.py:1007)
2024-08-25 14:07:21,683 - MainThread - sqlmesh.core.state_sync.engine_adapter - INFO - Applying migration <module 'sqlmesh.migrations.v0028_add_plan_dags_table' from '/home/shivam/.local/lib/python3.10/site-packages/sqlmesh/migrations/v0028_add_plan_dags_table.py'> (engine_adapter.py:1007)
2024-08-25 14:07:21,685 - MainThread - sqlmesh.core.state_sync.engine_adapter - INFO - Applying migration <module 'sqlmesh.migrations.v0029_generate_schema_types_using_dialect' from '/home/shivam/.local/lib/python3.10/site-packages/sqlmesh/migrations/v0029_generate_schema_types_using_dialect.py'> (engine_adapter.py:1007)
2024-08-25 14:07:21,686 - MainThread - sqlmesh.core.state_sync.engine_adapter - INFO - Applying migration <module 'sqlmesh.migrations.v0030_update_unrestorable_snapshots' from '/home/shivam/.local/lib/python3.10/site-packages/sqlmesh/migrations/v0030_update_unrestorable_snapshots.py'> (engine_adapter.py:1007)
2024-08-25 14:07:21,687 - MainThread - sqlmesh.core.state_sync.engine_adapter - INFO - Applying migration <module 'sqlmesh.migrations.v0031_remove_dbt_target_fields' from '/home/shivam/.local/lib/python3.10/site-packages/sqlmesh/migrations/v0031_remove_dbt_target_fields.py'> (engine_adapter.py:1007)
2024-08-25 14:07:21,688 - MainThread - sqlmesh.core.state_sync.engine_adapter - INFO - Applying migration <module 'sqlmesh.migrations.v0032_add_sqlmesh_version' from '/home/shivam/.local/lib/python3.10/site-packages/sqlmesh/migrations/v0032_add_sqlmesh_version.py'> (engine_adapter.py:1007)
2024-08-25 14:07:21,689 - MainThread - sqlmesh.core.state_sync.engine_adapter - INFO - Applying migration <module 'sqlmesh.migrations.v0033_mysql_fix_blob_text_type' from '/home/shivam/.local/lib/python3.10/site-packages/sqlmesh/migrations/v0033_mysql_fix_blob_text_type.py'> (engine_adapter.py:1007)
2024-08-25 14:07:21,689 - MainThread - sqlmesh.core.state_sync.engine_adapter - INFO - Applying migration <module 'sqlmesh.migrations.v0034_add_default_catalog' from '/home/shivam/.local/lib/python3.10/site-packages/sqlmesh/migrations/v0034_add_default_catalog.py'> (engine_adapter.py:1007)
2024-08-25 14:07:21,693 - MainThread - sqlmesh.core.state_sync.engine_adapter - INFO - Applying migration <module 'sqlmesh.migrations.v0035_add_catalog_name_override' from '/home/shivam/.local/lib/python3.10/site-packages/sqlmesh/migrations/v0035_add_catalog_name_override.py'> (engine_adapter.py:1007)
2024-08-25 14:07:21,694 - MainThread - sqlmesh.core.state_sync.engine_adapter - INFO - Applying migration <module 'sqlmesh.migrations.v0036_delete_plan_dags_bug_fix' from '/home/shivam/.local/lib/python3.10/site-packages/sqlmesh/migrations/v0036_delete_plan_dags_bug_fix.py'> (engine_adapter.py:1007)
2024-08-25 14:07:21,694 - MainThread - sqlmesh.core.state_sync.engine_adapter - INFO - Applying migration <module 'sqlmesh.migrations.v0037_remove_dbt_is_incremental_macro' from '/home/shivam/.local/lib/python3.10/site-packages/sqlmesh/migrations/v0037_remove_dbt_is_incremental_macro.py'> (engine_adapter.py:1007)
2024-08-25 14:07:21,695 - MainThread - sqlmesh.core.state_sync.engine_adapter - INFO - Applying migration <module 'sqlmesh.migrations.v0038_add_expiration_ts_to_snapshot' from '/home/shivam/.local/lib/python3.10/site-packages/sqlmesh/migrations/v0038_add_expiration_ts_to_snapshot.py'> (engine_adapter.py:1007)
2024-08-25 14:07:21,697 - MainThread - sqlmesh.core.state_sync.engine_adapter - INFO - Applying migration <module 'sqlmesh.migrations.v0039_include_environment_in_plan_dag_spec' from '/home/shivam/.local/lib/python3.10/site-packages/sqlmesh/migrations/v0039_include_environment_in_plan_dag_spec.py'> (engine_adapter.py:1007)
2024-08-25 14:07:21,698 - MainThread - sqlmesh.core.state_sync.engine_adapter - INFO - Applying migration <module 'sqlmesh.migrations.v0040_add_previous_finalized_snapshots' from '/home/shivam/.local/lib/python3.10/site-packages/sqlmesh/migrations/v0040_add_previous_finalized_snapshots.py'> (engine_adapter.py:1007)
2024-08-25 14:07:21,699 - MainThread - sqlmesh.core.state_sync.engine_adapter - INFO - Applying migration <module 'sqlmesh.migrations.v0041_remove_hash_raw_query_attribute' from '/home/shivam/.local/lib/python3.10/site-packages/sqlmesh/migrations/v0041_remove_hash_raw_query_attribute.py'> (engine_adapter.py:1007)
2024-08-25 14:07:21,700 - MainThread - sqlmesh.core.state_sync.engine_adapter - INFO - Applying migration <module 'sqlmesh.migrations.v0042_trim_indirect_versions' from '/home/shivam/.local/lib/python3.10/site-packages/sqlmesh/migrations/v0042_trim_indirect_versions.py'> (engine_adapter.py:1007)
2024-08-25 14:07:21,701 - MainThread - sqlmesh.core.state_sync.engine_adapter - INFO - Applying migration <module 'sqlmesh.migrations.v0043_fix_remove_obsolete_attributes_in_plan_dags' from '/home/shivam/.local/lib/python3.10/site-packages/sqlmesh/migrations/v0043_fix_remove_obsolete_attributes_in_plan_dags.py'> (engine_adapter.py:1007)
2024-08-25 14:07:21,702 - MainThread - sqlmesh.core.state_sync.engine_adapter - INFO - Applying migration <module 'sqlmesh.migrations.v0044_quote_identifiers_in_model_attributes' from '/home/shivam/.local/lib/python3.10/site-packages/sqlmesh/migrations/v0044_quote_identifiers_in_model_attributes.py'> (engine_adapter.py:1007)
2024-08-25 14:07:21,702 - MainThread - sqlmesh.core.state_sync.engine_adapter - INFO - Applying migration <module 'sqlmesh.migrations.v0045_move_gateway_variable' from '/home/shivam/.local/lib/python3.10/site-packages/sqlmesh/migrations/v0045_move_gateway_variable.py'> (engine_adapter.py:1007)
2024-08-25 14:07:21,703 - MainThread - sqlmesh.core.state_sync.engine_adapter - INFO - Applying migration <module 'sqlmesh.migrations.v0046_add_batch_concurrency' from '/home/shivam/.local/lib/python3.10/site-packages/sqlmesh/migrations/v0046_add_batch_concurrency.py'> (engine_adapter.py:1007)
2024-08-25 14:07:21,703 - MainThread - sqlmesh.core.state_sync.engine_adapter - INFO - Applying migration <module 'sqlmesh.migrations.v0047_change_scd_string_to_column' from '/home/shivam/.local/lib/python3.10/site-packages/sqlmesh/migrations/v0047_change_scd_string_to_column.py'> (engine_adapter.py:1007)
2024-08-25 14:07:21,703 - MainThread - sqlmesh.core.state_sync.engine_adapter - INFO - Applying migration <module 'sqlmesh.migrations.v0048_drop_indirect_versions' from '/home/shivam/.local/lib/python3.10/site-packages/sqlmesh/migrations/v0048_drop_indirect_versions.py'> (engine_adapter.py:1007)
2024-08-25 14:07:21,704 - MainThread - sqlmesh.core.state_sync.engine_adapter - INFO - Applying migration <module 'sqlmesh.migrations.v0049_replace_identifier_with_version_in_seeds_table' from '/home/shivam/.local/lib/python3.10/site-packages/sqlmesh/migrations/v0049_replace_identifier_with_version_in_seeds_table.py'> (engine_adapter.py:1007)
2024-08-25 14:07:21,711 - MainThread - sqlmesh.core.state_sync.engine_adapter - INFO - Applying migration <module 'sqlmesh.migrations.v0050_drop_seeds_table' from '/home/shivam/.local/lib/python3.10/site-packages/sqlmesh/migrations/v0050_drop_seeds_table.py'> (engine_adapter.py:1007)
2024-08-25 14:07:21,711 - MainThread - sqlmesh.core.state_sync.engine_adapter - INFO - Applying migration <module 'sqlmesh.migrations.v0051_rename_column_descriptions' from '/home/shivam/.local/lib/python3.10/site-packages/sqlmesh/migrations/v0051_rename_column_descriptions.py'> (engine_adapter.py:1007)
2024-08-25 14:07:21,712 - MainThread - sqlmesh.core.state_sync.engine_adapter - INFO - Applying migration <module 'sqlmesh.migrations.v0052_add_normalize_name_in_environment_naming_info' from '/home/shivam/.local/lib/python3.10/site-packages/sqlmesh/migrations/v0052_add_normalize_name_in_environment_naming_info.py'> (engine_adapter.py:1007)
2024-08-25 14:07:21,714 - MainThread - sqlmesh.core.state_sync.engine_adapter - INFO - Applying migration <module 'sqlmesh.migrations.v0053_custom_model_kind_extra_attributes' from '/home/shivam/.local/lib/python3.10/site-packages/sqlmesh/migrations/v0053_custom_model_kind_extra_attributes.py'> (engine_adapter.py:1007)
2024-08-25 14:07:21,715 - MainThread - sqlmesh.core.state_sync.engine_adapter - INFO - Applying migration <module 'sqlmesh.migrations.v0054_fix_trailing_comments' from '/home/shivam/.local/lib/python3.10/site-packages/sqlmesh/migrations/v0054_fix_trailing_comments.py'> (engine_adapter.py:1007)
2024-08-25 14:07:21,715 - MainThread - sqlmesh.core.state_sync.engine_adapter - INFO - Fetching environments (engine_adapter.py:1013)
2024-08-25 14:07:21,716 - MainThread - sqlmesh.core.state_sync.engine_adapter - INFO - Migrating snapshot rows... (engine_adapter.py:1030)
2024-08-25 14:07:21,717 - MainThread - sqlmesh.core.state_sync.engine_adapter - INFO - No changes to snapshots detected (engine_adapter.py:1023)
2024-08-25 14:07:21,737 - MainThread - root - INFO - Shutting down the event dispatcher (dispatcher.py:159)
